#
# There is insufficient memory for the Java Runtime Environment to continue.
# Native memory allocation (mmap) failed to map 130023424 bytes. Error detail: G1 virtual space
# Possible reasons:
#   The system is out of physical RAM or swap space
#   This process is running with CompressedOops enabled, and the Java Heap may be blocking the growth of the native heap
# Possible solutions:
#   Reduce memory load on the system
#   Increase physical memory or swap space
#   Check if swap backing store is full
#   Decrease Java heap size (-Xmx/-Xms)
#   Decrease number of Java threads
#   Decrease Java thread stack sizes (-Xss)
#   Set larger code cache with -XX:ReservedCodeCacheSize=
#   JVM is running with Unscaled Compressed Oops mode in which the Java heap is
#     placed in the first 4GB address space. The Java Heap base address is the
#     maximum limit for the native heap growth. Please use -XX:HeapBaseMinAddress
#     to set the Java Heap base and to place the Java Heap above 4GB virtual address.
# This output file may be truncated or incomplete.
#
#  Out of Memory Error (os_windows.cpp:3631), pid=14100, tid=30836
#
# JRE version:  (22.0+36) (build )
# Java VM: Java HotSpot(TM) 64-Bit Server VM (22+36-2370, mixed mode, sharing, tiered, compressed oops, compressed class ptrs, g1 gc, windows-amd64)
# No core dump will be written. Minidumps are not enabled by default on client versions of Windows
#

---------------  S U M M A R Y ------------

Command Line: --enable-preview -XX:+ShowCodeDetailsInExceptionMessages controller.BestSellingProduct

Host: 11th Gen Intel(R) Core(TM) i7-11800H @ 2.30GHz, 16 cores, 7G,  Windows 11 , 64 bit Build 22621 (10.0.22621.3374)
Time: Mon Apr 29 19:14:53 2024 SE Asia Standard Time elapsed time: 0.014385 seconds (0d 0h 0m 0s)

---------------  T H R E A D  ---------------

Current thread (0x000001f133f3d9b0):  JavaThread "Unknown thread" [_thread_in_vm, id=30836, stack(0x0000006483600000,0x0000006483700000) (1024K)]

Stack: [0x0000006483600000,0x0000006483700000]
Native frames: (J=compiled Java code, j=interpreted, Vv=VM code, C=native code)
V  [jvm.dll+0x6e2349]  (no source info available)
V  [jvm.dll+0x874ed3]  (no source info available)
V  [jvm.dll+0x8772fe]  (no source info available)
V  [jvm.dll+0x8779d3]  (no source info available)
V  [jvm.dll+0x27fcb6]  (no source info available)
V  [jvm.dll+0x6de9e5]  (no source info available)
V  [jvm.dll+0x6d34ea]  (no source info available)
V  [jvm.dll+0x35892a]  (no source info available)
V  [jvm.dll+0x360e56]  (no source info available)
V  [jvm.dll+0x3b3d7e]  (no source info available)
V  [jvm.dll+0x3b4028]  (no source info available)
V  [jvm.dll+0x32c4ec]  (no source info available)
V  [jvm.dll+0x32d0a8]  (no source info available)
V  [jvm.dll+0x83cd9c]  (no source info available)
V  [jvm.dll+0x3c0cc1]  (no source info available)
V  [jvm.dll+0x825d8c]  (no source info available)
V  [jvm.dll+0x45b9ee]  (no source info available)
V  [jvm.dll+0x45d871]  (no source info available)
C  [jli.dll+0x52a3]  (no source info available)
C  [ucrtbase.dll+0x29333]  (no source info available)
C  [KERNEL32.DLL+0x1257d]  (no source info available)
C  [ntdll.dll+0x5aa48]  (no source info available)


---------------  P R O C E S S  ---------------

Threads class SMR info:
_java_thread_list=0x00007ff93d5bc1c8, length=0, elements={
}

Java Threads: ( => current thread )
Total: 0

Other Threads:
  0x000001f136149cb0 WorkerThread "GC Thread#0"                     [id=19988, stack(0x0000006483700000,0x0000006483800000) (1024K)]
  0x000001f13615ab70 ConcurrentGCThread "G1 Main Marker"            [id=28852, stack(0x0000006483800000,0x0000006483900000) (1024K)]
  0x000001f13615ba20 WorkerThread "G1 Conc#0"                       [id=5544, stack(0x0000006483900000,0x0000006483a00000) (1024K)]

[error occurred during error reporting (printing all threads), id 0xc0000005, EXCEPTION_ACCESS_VIOLATION (0xc0000005) at pc=0x00007ff93cd0f2b7]
VM state: not at safepoint (not fully initialized)

VM Mutex/Monitor currently owned by a thread:  ([mutex/lock_event])
[0x00007ff93d63ccc8] Heap_lock - owner thread: 0x000001f133f3d9b0

Heap address: 0x0000000084a00000, size: 1974 MB, Compressed Oops mode: 32-bit

CDS archive(s) mapped at: [0x0000000000000000-0x0000000000000000-0x0000000000000000), size 0, SharedBaseAddress: 0x0000000800000000, ArchiveRelocationMode: 1.
Narrow klass base: 0x0000000000000000, Narrow klass shift: 0, Narrow klass range: 0x0

GC Precious Log:
 CardTable entry size: 512
 Card Set container configuration: InlinePtr #cards 5 size 8 Array Of Cards #cards 12 size 40 Howl #buckets 4 coarsen threshold 1843 Howl Bitmap #cards 512 size 80 coarsen threshold 460 Card regions per heap region 1 cards per card region 2048

Heap:
 garbage-first heap   total reserved 2021376K, committed 0K, used 0K [0x0000000084a00000, 0x0000000100000000)
  region size 1024K, 0 young (0K), 0 survivors (0K)

[error occurred during error reporting (printing heap information), id 0xc0000005, EXCEPTION_ACCESS_VIOLATION (0xc0000005) at pc=0x00007ff93d10e4e9]
GC Heap History (0 events):
No events

Dll operation events (1 events):
Event: 0.007 Loaded shared library C:\Program Files\Java\jdk-22\bin\java.dll

Deoptimization events (0 events):
No events

Classes loaded (0 events):
No events

Classes unloaded (0 events):
No events

Classes redefined (0 events):
No events

Internal exceptions (0 events):
No events

ZGC Phase Switch (0 events):
No events

VM Operations (0 events):
No events

Events (0 events):
No events


Dynamic libraries:
0x00007ff697520000 - 0x00007ff697530000 	C:\Program Files\Java\jdk-22\bin\java.exe
0x00007ff9ee670000 - 0x00007ff9ee886000 	C:\Windows\SYSTEM32\ntdll.dll
0x00007ff9ed450000 - 0x00007ff9ed514000 	C:\Windows\System32\KERNEL32.DLL
0x00007ff9ebbd0000 - 0x00007ff9ebf77000 	C:\Windows\System32\KERNELBASE.dll
0x00000000584a0000 - 0x00000000587d2000 	C:\Program Files\Norton Security\NortonData\22.23.5.106\Definitions\IPSDefs\20240426.064\IPSEng64.dll
0x00007ff9ee060000 - 0x00007ff9ee112000 	C:\Windows\System32\ADVAPI32.dll
0x00007ff9ede30000 - 0x00007ff9eded7000 	C:\Windows\System32\msvcrt.dll
0x00007ff9ee2c0000 - 0x00007ff9ee368000 	C:\Windows\System32\sechost.dll
0x00007ff9ec120000 - 0x00007ff9ec148000 	C:\Windows\System32\bcrypt.dll
0x00007ff9ec990000 - 0x00007ff9ecaa5000 	C:\Windows\System32\RPCRT4.dll
0x00007ff9ec980000 - 0x00007ff9ec988000 	C:\Windows\System32\PSAPI.DLL
0x00007ff9ec210000 - 0x00007ff9ec321000 	C:\Windows\System32\ucrtbase.dll
0x00007ff9d3450000 - 0x00007ff9d346b000 	C:\Program Files\Java\jdk-22\bin\VCRUNTIME140.dll
0x00007ff9d3430000 - 0x00007ff9d3447000 	C:\Program Files\Java\jdk-22\bin\jli.dll
0x00007ff9ed800000 - 0x00007ff9ed9ae000 	C:\Windows\System32\USER32.dll
0x00007ff9ebba0000 - 0x00007ff9ebbc6000 	C:\Windows\System32\win32u.dll
0x00007ff9d5ac0000 - 0x00007ff9d5d53000 	C:\Windows\WinSxS\amd64_microsoft.windows.common-controls_6595b64144ccf1df_6.0.22621.3235_none_270f74e173860f98\COMCTL32.dll
0x00007ff9edd40000 - 0x00007ff9edd69000 	C:\Windows\System32\GDI32.dll
0x00007ff9ebf80000 - 0x00007ff9ec099000 	C:\Windows\System32\gdi32full.dll
0x00007ff9ebb00000 - 0x00007ff9ebb9a000 	C:\Windows\System32\msvcp_win.dll
0x00007ff9e4ab0000 - 0x00007ff9e4aba000 	C:\Windows\SYSTEM32\VERSION.dll
0x00007ff9ee200000 - 0x00007ff9ee231000 	C:\Windows\System32\IMM32.DLL
0x00007ff9e6670000 - 0x00007ff9e667c000 	C:\Program Files\Java\jdk-22\bin\vcruntime140_1.dll
0x00007ff9a4b70000 - 0x00007ff9a4bfe000 	C:\Program Files\Java\jdk-22\bin\msvcp140.dll
0x00007ff93c9d0000 - 0x00007ff93d718000 	C:\Program Files\Java\jdk-22\bin\server\jvm.dll
0x00007ff9ee240000 - 0x00007ff9ee2b1000 	C:\Windows\System32\WS2_32.dll
0x00007ff9e49c0000 - 0x00007ff9e49f4000 	C:\Windows\SYSTEM32\WINMM.dll
0x00007ff9ea800000 - 0x00007ff9ea84d000 	C:\Windows\SYSTEM32\POWRPROF.dll
0x00007ff9ea7e0000 - 0x00007ff9ea7f3000 	C:\Windows\SYSTEM32\UMPDC.dll
0x00007ff9eaaa0000 - 0x00007ff9eaab8000 	C:\Windows\SYSTEM32\kernel.appcore.dll
0x00007ff9e51e0000 - 0x00007ff9e51ea000 	C:\Program Files\Java\jdk-22\bin\jimage.dll
0x00007ff9e9440000 - 0x00007ff9e9673000 	C:\Windows\SYSTEM32\DBGHELP.DLL
0x00007ff9ed9b0000 - 0x00007ff9edd38000 	C:\Windows\System32\combase.dll
0x00007ff9ee120000 - 0x00007ff9ee1f7000 	C:\Windows\System32\OLEAUT32.dll
0x00007ff9cfd70000 - 0x00007ff9cfda2000 	C:\Windows\SYSTEM32\dbgcore.DLL
0x00007ff9ec0a0000 - 0x00007ff9ec119000 	C:\Windows\System32\bcryptPrimitives.dll
0x00007ff9d3330000 - 0x00007ff9d334e000 	C:\Program Files\Java\jdk-22\bin\java.dll
0x00007ff9ecbf0000 - 0x00007ff9ed44c000 	C:\Windows\System32\SHELL32.dll
0x00007ff9ed520000 - 0x00007ff9ed6c5000 	C:\Windows\System32\ole32.dll

dbghelp: loaded successfully - version: 4.0.5 - missing functions: none
symbol engine: initialized successfully - sym options: 0x614 - pdb path: .;C:\Program Files\Java\jdk-22\bin;C:\Windows\SYSTEM32;C:\Program Files\Norton Security\NortonData\22.23.5.106\Definitions\IPSDefs\20240426.064;C:\Windows\WinSxS\amd64_microsoft.windows.common-controls_6595b64144ccf1df_6.0.22621.3235_none_270f74e173860f98;C:\Program Files\Java\jdk-22\bin\server

VM Arguments:
jvm_args: --enable-preview -XX:+ShowCodeDetailsInExceptionMessages 
java_command: controller.BestSellingProduct
java_class_path (initial): C:\Users\Admin\AppData\Roaming\Code\User\workspaceStorage\d5f54d00eaa71b22b46f7ae8aeb21f23\redhat.java\jdt_ws\StoreManagement_cbc56845\bin;c:\Users\Admin\mysql-connector-java-8.0.28.jar
Launcher Type: SUN_STANDARD

[Global flags]
     intx CICompilerCount                          = 12                                        {product} {ergonomic}
     uint ConcGCThreads                            = 3                                         {product} {ergonomic}
     uint G1ConcRefinementThreads                  = 13                                        {product} {ergonomic}
   size_t G1HeapRegionSize                         = 1048576                                   {product} {ergonomic}
   size_t InitialHeapSize                          = 130023424                                 {product} {ergonomic}
   size_t MarkStackSize                            = 4194304                                   {product} {ergonomic}
   size_t MaxHeapSize                              = 2069889024                                {product} {ergonomic}
   size_t MinHeapDeltaBytes                        = 1048576                                   {product} {ergonomic}
   size_t MinHeapSize                              = 8388608                                   {product} {ergonomic}
    uintx NonNMethodCodeHeapSize                   = 7602480                                {pd product} {ergonomic}
    uintx NonProfiledCodeHeapSize                  = 122027880                              {pd product} {ergonomic}
    uintx ProfiledCodeHeapSize                     = 122027880                              {pd product} {ergonomic}
    uintx ReservedCodeCacheSize                    = 251658240                              {pd product} {ergonomic}
     bool SegmentedCodeCache                       = true                                      {product} {ergonomic}
     bool ShowCodeDetailsInExceptionMessages       = true                                   {manageable} {command line}
   size_t SoftMaxHeapSize                          = 2069889024                             {manageable} {ergonomic}
     bool UseCompressedOops                        = true                           {product lp64_product} {ergonomic}
     bool UseG1GC                                  = true                                      {product} {ergonomic}
     bool UseLargePagesIndividualAllocation        = false                                  {pd product} {ergonomic}

Logging:
Log output configuration:
 #0: stdout all=warning uptime,level,tags foldmultilines=false
 #1: stderr all=off uptime,level,tags foldmultilines=false

Environment Variables:
PATH=C:\Program Files\Common Files\Oracle\Java\javapath;C:\Python312\Scripts\;C:\Python312\;C:\Windows\system32;C:\Windows;C:\Windows\System32\Wbem;C:\Windows\System32\WindowsPowerShell\v1.0\;C:\Windows\System32\OpenSSH\;C:\Program Files (x86)\NVIDIA Corporation\PhysX\Common;C:\Program Files\NVIDIA Corporation\NVIDIA NvDLISR;C:\ProgramData\chocolatey\bin;C:\Nodejs;C:\Program Files (x86)\Microsoft SQL Server\160\Tools\Binn\;C:\Program Files\Microsoft SQL Server\160\Tools\Binn\;C:\Program Files\Microsoft SQL Server\Client SDK\ODBC\170\Tools\Binn\;C:\Program Files\Microsoft SQL Server\160\DTS\Binn\;C:\;C:\Nodejs;C:\Program Files (x86)\Microsoft SQL Server\160\DTS\Binn\;C:\Program Files\Azure Data Studio\bin;C:\Program Files\Git\cmd;C:\xampp\php;C:\ProgramData\ComposerSetup\bin;C:\Users\Admin\AppData\Local\Microsoft\WindowsApps;F:\Microsoft VS Code\bin;C:\Users\Admin\AppData\Local\GitHubDesktop\bin;C:\Nodejs;C:\Users\Admin\AppData\Roaming\npm;C:\Nodejs;;C:\Program Files\Azure Data Studio\bin;C:\Users\Admin\AppData\Roaming\Composer\vendor\bin
USERNAME=Admin
LANG=en_US.UTF-8
OS=Windows_NT
PROCESSOR_IDENTIFIER=Intel64 Family 6 Model 141 Stepping 1, GenuineIntel
TMP=C:\Users\Admin\AppData\Local\Temp
TEMP=C:\Users\Admin\AppData\Local\Temp




Periodic native trim disabled

---------------  S Y S T E M  ---------------

OS:
 Windows 11 , 64 bit Build 22621 (10.0.22621.3374)
OS uptime: 6 days 2:19 hours
Hyper-V role detected

CPU: total 16 (initial active 16) (8 cores per cpu, 2 threads per core) family 6 model 141 stepping 1 microcode 0x34, cx8, cmov, fxsr, ht, mmx, 3dnowpref, sse, sse2, sse3, ssse3, sse4.1, sse4.2, popcnt, lzcnt, tsc, tscinvbit, avx, avx2, aes, erms, clmul, bmi1, bmi2, adx, avx512f, avx512dq, avx512cd, avx512bw, avx512vl, sha, fma, vzeroupper, avx512_vpopcntdq, avx512_vpclmulqdq, avx512_vaes, avx512_vnni, clflush, clflushopt, clwb, avx512_vbmi2, avx512_vbmi, hv, rdtscp, rdpid, fsrm, gfni, avx512_bitalg, f16c, cet_ibt, cet_ss, avx512_ifma
Processor Information for all 16 processors :
  Max Mhz: 2304, Current Mhz: 2304, Mhz Limit: 2304

Memory: 4k page, system-wide physical 7893M (598M free)
TotalPageFile size 27893M (AvailPageFile size 16M)
current process WorkingSet (physical memory assigned to process): 13M, peak: 13M
current process commit charge ("private bytes"): 71M, peak: 195M

vm_info: Java HotSpot(TM) 64-Bit Server VM (22+36-2370) for windows-amd64 JRE (22+36-2370), built on 2024-02-15T22:15:19Z by "mach5one" with MS VC++ 17.6 (VS2022)

END.
